<?xml version="1.0" encoding="UTF-8"?>
<!-- Generated by org.testng.reporters.JUnitXMLReporter -->
<testsuite ignored="0" hostname="Brijesh" failures="0" tests="5" name="Default test" time="24.737" errors="0" timestamp="2022-06-06T17:21:31 EDT">
  <testcase classname="test.Test1.AppTest" name="SelectDropDown" time="1.327"/>
  <testcase classname="test.Test1.AppTest" name="NameWithBlues" time="0.177"/>
  <testcase classname="test.Test1.AppTest" name="NameWithBlueColor" time="0.179"/>
  <testcase classname="test.Test1.AppTest" name="NamesForIdEqualsIntegerAfterDevidedBy2" time="0.178"/>
  <testcase classname="test.Test1.AppTest" name="NameWithCondition2And4" time="0.225"/>
</testsuite> <!-- Default test -->
