<?xml version="1.0" encoding="UTF-8"?>
<testng-results ignored="0" total="5" passed="5" failed="0" skipped="0">
  <reporter-output>
  </reporter-output>
  <suite started-at="2022-06-06T17:21:06 EDT" name="Default suite" finished-at="2022-06-06T17:21:31 EDT" duration-ms="24737">
    <groups>
    </groups>
    <test started-at="2022-06-06T17:21:06 EDT" name="Default test" finished-at="2022-06-06T17:21:31 EDT" duration-ms="24737">
      <class name="test.Test1.AppTest">
        <test-method is-config="true" signature="initialisation()[pri:0, instance:test.Test1.AppTest@3232a28a]" started-at="2022-06-06T17:21:06 EDT" name="initialisation" finished-at="2022-06-06T17:21:11 EDT" duration-ms="4490" status="PASS">
          <reporter-output>
          </reporter-output>
        </test-method> <!-- initialisation -->
        <test-method signature="SelectDropDown()[pri:1, instance:test.Test1.AppTest@3232a28a]" started-at="2022-06-06T17:21:11 EDT" name="SelectDropDown" finished-at="2022-06-06T17:21:12 EDT" duration-ms="1327" status="PASS">
          <reporter-output>
          </reporter-output>
        </test-method> <!-- SelectDropDown -->
        <test-method is-config="true" signature="tearDown()[pri:0, instance:test.Test1.AppTest@3232a28a]" started-at="2022-06-06T17:21:12 EDT" name="tearDown" finished-at="2022-06-06T17:21:12 EDT" duration-ms="503" status="PASS">
          <reporter-output>
          </reporter-output>
        </test-method> <!-- tearDown -->
        <test-method is-config="true" signature="initialisation()[pri:0, instance:test.Test1.AppTest@3232a28a]" started-at="2022-06-06T17:21:12 EDT" name="initialisation" finished-at="2022-06-06T17:21:16 EDT" duration-ms="3708" status="PASS">
          <reporter-output>
          </reporter-output>
        </test-method> <!-- initialisation -->
        <test-method signature="NameWithBlues()[pri:2, instance:test.Test1.AppTest@3232a28a]" started-at="2022-06-06T17:21:16 EDT" name="NameWithBlues" finished-at="2022-06-06T17:21:16 EDT" duration-ms="177" status="PASS">
          <reporter-output>
          </reporter-output>
        </test-method> <!-- NameWithBlues -->
        <test-method is-config="true" signature="tearDown()[pri:0, instance:test.Test1.AppTest@3232a28a]" started-at="2022-06-06T17:21:16 EDT" name="tearDown" finished-at="2022-06-06T17:21:17 EDT" duration-ms="494" status="PASS">
          <reporter-output>
          </reporter-output>
        </test-method> <!-- tearDown -->
        <test-method is-config="true" signature="initialisation()[pri:0, instance:test.Test1.AppTest@3232a28a]" started-at="2022-06-06T17:21:17 EDT" name="initialisation" finished-at="2022-06-06T17:21:21 EDT" duration-ms="4200" status="PASS">
          <reporter-output>
          </reporter-output>
        </test-method> <!-- initialisation -->
        <test-method signature="NameWithBlueColor()[pri:3, instance:test.Test1.AppTest@3232a28a]" started-at="2022-06-06T17:21:21 EDT" name="NameWithBlueColor" finished-at="2022-06-06T17:21:21 EDT" duration-ms="179" status="PASS">
          <reporter-output>
          </reporter-output>
        </test-method> <!-- NameWithBlueColor -->
        <test-method is-config="true" signature="tearDown()[pri:0, instance:test.Test1.AppTest@3232a28a]" started-at="2022-06-06T17:21:21 EDT" name="tearDown" finished-at="2022-06-06T17:21:22 EDT" duration-ms="633" status="PASS">
          <reporter-output>
          </reporter-output>
        </test-method> <!-- tearDown -->
        <test-method is-config="true" signature="initialisation()[pri:0, instance:test.Test1.AppTest@3232a28a]" started-at="2022-06-06T17:21:22 EDT" name="initialisation" finished-at="2022-06-06T17:21:26 EDT" duration-ms="3661" status="PASS">
          <reporter-output>
          </reporter-output>
        </test-method> <!-- initialisation -->
        <test-method signature="NamesForIdEqualsIntegerAfterDevidedBy2()[pri:4, instance:test.Test1.AppTest@3232a28a]" started-at="2022-06-06T17:21:26 EDT" name="NamesForIdEqualsIntegerAfterDevidedBy2" finished-at="2022-06-06T17:21:26 EDT" duration-ms="178" status="PASS">
          <reporter-output>
          </reporter-output>
        </test-method> <!-- NamesForIdEqualsIntegerAfterDevidedBy2 -->
        <test-method is-config="true" signature="tearDown()[pri:0, instance:test.Test1.AppTest@3232a28a]" started-at="2022-06-06T17:21:26 EDT" name="tearDown" finished-at="2022-06-06T17:21:26 EDT" duration-ms="615" status="PASS">
          <reporter-output>
          </reporter-output>
        </test-method> <!-- tearDown -->
        <test-method is-config="true" signature="initialisation()[pri:0, instance:test.Test1.AppTest@3232a28a]" started-at="2022-06-06T17:21:26 EDT" name="initialisation" finished-at="2022-06-06T17:21:30 EDT" duration-ms="3692" status="PASS">
          <reporter-output>
          </reporter-output>
        </test-method> <!-- initialisation -->
        <test-method signature="NameWithCondition2And4()[pri:5, instance:test.Test1.AppTest@3232a28a]" started-at="2022-06-06T17:21:30 EDT" name="NameWithCondition2And4" finished-at="2022-06-06T17:21:30 EDT" duration-ms="225" status="PASS">
          <reporter-output>
          </reporter-output>
        </test-method> <!-- NameWithCondition2And4 -->
        <test-method is-config="true" signature="tearDown()[pri:0, instance:test.Test1.AppTest@3232a28a]" started-at="2022-06-06T17:21:30 EDT" name="tearDown" finished-at="2022-06-06T17:21:31 EDT" duration-ms="615" status="PASS">
          <reporter-output>
          </reporter-output>
        </test-method> <!-- tearDown -->
      </class> <!-- test.Test1.AppTest -->
    </test> <!-- Default test -->
  </suite> <!-- Default suite -->
</testng-results>
